<?xml version="1.0" encoding="UTF-8"?>
<!-- Generated by org.testng.reporters.JUnitReportReporter -->
<testsuite hostname="LAPTOP-HO6ECK1B" failures="0" tests="1" name="practice.tester2" time="0.197" errors="0" timestamp="20 Jun 2021 18:35:13 GMT" skipped="0">
  <testcase classname="practice.tester2" name="executeQuery" time="0.197"/>
</testsuite> <!-- practice.tester2 -->
