<?xml version="1.0" encoding="UTF-8"?>
<!-- Generated by org.testng.reporters.JUnitReportReporter -->
<testsuite hostname="LAPTOP-HO6ECK1B" failures="0" tests="1" name="practice.CreateOrganisationTestExcel" time="14.505" errors="0" timestamp="2021-06-30T20:40:13 IST" skipped="0">
  <testcase classname="practice.CreateOrganisationTestExcel" name="createOrganizationTestExcel" time="14.505"/>
  <system-out/>
</testsuite> <!-- practice.CreateOrganisationTestExcel -->
