<?xml version="1.0" encoding="UTF-8"?>
<!-- Generated by org.testng.reporters.JUnitReportReporter -->
<testsuite hostname="LAPTOP-HO6ECK1B" failures="0" tests="1" name="practice.CreateOrganisation2" time="13.812" errors="0" timestamp="22 Jun 2021 16:01:50 GMT" skipped="0">
  <testcase classname="practice.CreateOrganisation2" name="createOrganizationTest" time="13.812"/>
</testsuite> <!-- practice.CreateOrganisation2 -->
