<?xml version="1.0" encoding="UTF-8"?>
<!-- Generated by org.testng.reporters.JUnitReportReporter -->
<testsuite hostname="LAPTOP-HO6ECK1B" failures="0" tests="1" name="practice.CreateCustomer" time="0.007" errors="0" timestamp="20 Jun 2021 18:16:03 GMT" skipped="0">
  <testcase classname="practice.CreateCustomer" name="createCustomerTest" time="0.007"/>
</testsuite> <!-- practice.CreateCustomer -->
