<?xml version="1.0" encoding="UTF-8"?>
<!-- Generated by org.testng.reporters.JUnitReportReporter -->
<testsuite hostname="LAPTOP-HO6ECK1B" failures="0" tests="1" name="practice.CreateOrganisationTest1" time="9.830" errors="0" timestamp="2021-06-30T12:31:36 IST" skipped="0">
  <testcase classname="practice.CreateOrganisationTest1" name="createOrganizationTest1" time="9.830"/>
  <system-out/>
</testsuite> <!-- practice.CreateOrganisationTest1 -->
