<?xml version="1.0" encoding="UTF-8"?>
<!-- Generated by org.testng.reporters.JUnitReportReporter -->
<testsuite hostname="LAPTOP-HO6ECK1B" failures="0" tests="1" name="practice.tester3" time="0.216" errors="0" timestamp="20 Jun 2021 18:40:45 GMT" skipped="0">
  <testcase classname="practice.tester3" name="executeQuery" time="0.216"/>
</testsuite> <!-- practice.tester3 -->
