<?xml version="1.0" encoding="UTF-8"?>
<!-- Generated by org.testng.reporters.JUnitReportReporter -->
<testsuite hostname="LAPTOP-HO6ECK1B" failures="0" tests="1" name="practice.LoginLogoutFromVtiger" time="10.634" errors="0" timestamp="2021-06-23T10:53:04 IST" skipped="0">
  <testcase classname="practice.LoginLogoutFromVtiger" name="loginLogoutTest" time="10.634"/>
  <system-out/>
</testsuite> <!-- practice.LoginLogoutFromVtiger -->
