<?xml version="1.0" encoding="UTF-8"?>
<!-- Generated by org.testng.reporters.JUnitReportReporter -->
<testsuite hostname="LAPTOP-HO6ECK1B" failures="0" tests="1" name="com.crm.GenericsUtil.JavaUtility" time="0.007" errors="0" timestamp="2021-06-23T17:15:33 IST" skipped="0">
  <testcase classname="com.crm.GenericsUtil.JavaUtility" name="getRandomData" time="0.007"/>
  <system-out/>
</testsuite> <!-- com.crm.GenericsUtil.JavaUtility -->
